Base path: C:/Program Files/Unity/Editor/Data
Cmd: initializeCompiler
Cmd: compileComputeKernel
  api=14 insize=1226 outsize=1357 ok=1
Cmd: translateComputeKernel
  api=14 insize=1469 outsize=1585 ok=1
Cmd: compileComputeKernel
  api=14 insize=11176 outsize=10709 ok=1
Cmd: translateComputeKernel
  api=14 insize=11297 outsize=22353 ok=1
Cmd: translateComputeKernel
  api=14 insize=7289 outsize=11297 ok=1
Cmd: compileComputeKernel
  api=14 insize=18731 outsize=9533 ok=1
Cmd: translateComputeKernel
  api=14 insize=9637 outsize=16453 ok=1
Cmd: translateComputeKernel
  api=14 insize=853 outsize=785 ok=1
Cmd: translateComputeKernel
  api=14 insize=1145 outsize=1433 ok=1
Cmd: translateComputeKernel
  api=14 insize=1509 outsize=2273 ok=1
